<?xml version="1.0" encoding="UTF-8"?>
<testsuite name="PythagoreanTripletTest" tests="7" skipped="0" failures="0" errors="0" timestamp="2022-02-11T06:13:49" hostname="SHIELD" time="0.276">
  <properties/>
  <testcase name="tripletsWhoseSumIs1000" classname="PythagoreanTripletTest" time="0.011"/>
  <testcase name="tripletsWhoseSumIs1001" classname="PythagoreanTripletTest" time="0.003"/>
  <testcase name="tripletsWhoseSumIs108" classname="PythagoreanTripletTest" time="0.0"/>
  <testcase name="tripletsWhoseSumIs840" classname="PythagoreanTripletTest" time="0.002"/>
  <testcase name="tripletsWhoseSumIs12" classname="PythagoreanTripletTest" time="0.0"/>
  <testcase name="tripletsWhoseSumIs90" classname="PythagoreanTripletTest" time="0.001"/>
  <testcase name="tripletsWhoseSumIs30000" classname="PythagoreanTripletTest" time="0.259"/>
  <system-out><![CDATA[]]></system-out>
  <system-err><![CDATA[]]></system-err>
</testsuite>
